This file contains any messages produced by compilers while
running configure, to aid debugging if configure makes a mistake.

It was created by dplus configure 0.5b, which was
generated by GNU Autoconf 2.72.  Invocation command line was

  $ ./configure

## --------- ##
## Platform. ##
## --------- ##

hostname = DESKTOP-IKI6V4O
uname -m = x86_64
uname -r = 3.6.4-23a25d49.x86_64
uname -s = MINGW64_NT-10.0-19045
uname -v = 2025-07-16 16:15 UTC

/usr/bin/uname -p = unknown
/bin/uname -X     = unknown

/bin/arch              = x86_64
/usr/bin/arch -k       = unknown
/usr/convex/getsysinfo = unknown
/usr/bin/hostinfo      = unknown
/bin/machine           = unknown
/usr/bin/oslevel       = unknown
/bin/universe          = unknown

PATH: /mingw64/bin/
PATH: /usr/local/bin/
PATH: /usr/bin/
PATH: /bin/
PATH: /c/Windows/System32/
PATH: /c/Windows/
PATH: /c/Windows/System32/Wbem/
PATH: /c/Windows/System32/WindowsPowerShell/v1.0/
PATH: /usr/bin/site_perl/
PATH: /usr/bin/vendor_perl/
PATH: /usr/bin/core_perl/
PATH: /mingw64/lib/rustup/bin/
PATH: /home/user/depot_tools/


## ----------- ##
## Core tests. ##
## ----------- ##

configure:2461: loading site script /etc/config.site
| # This file is in public domain.
| # Original author: Karlson2k (Evgeny Grin)
| # Written for MSys2 to help running 'configure' scripts
| 
| # Defaults for MSys2/MinGW64-targeted programs
| 
| # Set proper selfname on bash and fallback to default name on other shells
| test -n "${BASH_SOURCE}" 2>/dev/null && config_site_me="${BASH_SOURCE[0]##*/}" || config_site_me=config.site
| 
| # Set default 'host' to speedup configure
| if test -z "$build_alias"; then
|   build_alias="${MSYSTEM_CHOST}"  && \
|     ${as_echo-echo} "$config_site_me:${as_lineno-$LINENO}: default build_alias set to $build_alias" >&5
| fi
| 
| # Set default 'prefix'
| if ( test -z "$prefix" || test "x$prefix" = "xNONE" ) && \
|     ( test -z "$exec_prefix" || test "x$exec_prefix" = "xNONE" ); then
|   prefix="${MSYSTEM_PREFIX}" && \
|     ${as_echo-echo} "$config_site_me:${as_lineno-$LINENO}: default prefix set to $prefix" >&5
| fi
config.site:13: default build_alias set to x86_64-w64-mingw32
config.site:20: default prefix set to /mingw64
configure:3053: looking for aux files: install-sh config.guess config.sub
configure:3066:  trying ./
configure:3077:   ./install-sh found
configure:3095:   ./config.guess found
configure:3095:   ./config.sub found
configure:3218: checking build system type
configure:3234: result: x86_64-w64-mingw32
configure:3254: checking host system type
configure:3269: result: x86_64-w64-mingw32
configure:3289: checking target system type
configure:3304: result: x86_64-w64-mingw32
configure:3347: checking for a BSD-compatible install
configure:3421: result: /usr/bin/install -c
configure:3432: checking whether build environment is sane
configure:3469: result: yes
configure:3499: checking for gawk
configure:3520: found /usr/bin/gawk
configure:3532: result: gawk
configure:3543: checking whether make sets $(MAKE)
configure:3567: result: yes
configure:4008: checking for gcc
configure:4029: found /mingw64/bin/gcc
configure:4041: result: gcc
configure:4400: checking for C compiler version
configure:4409: gcc --version >&5
gcc.exe (Rev8, Built by MSYS2 project) 15.2.0
Copyright (C) 2025 Free Software Foundation, Inc.
This is free software; see the source for copying conditions.  There is NO
warranty; not even for MERCHANTABILITY or FITNESS FOR A PARTICULAR PURPOSE.

configure:4420: $? = 0
configure:4409: gcc -v >&5
Using built-in specs.
COLLECT_GCC=D:\msys64_250221\mingw64\bin\gcc.exe
COLLECT_LTO_WRAPPER=D:/msys64_250221/mingw64/bin/../lib/gcc/x86_64-w64-mingw32/15.2.0/lto-wrapper.exe
Target: x86_64-w64-mingw32
Configured with: ../gcc-15.2.0/configure --prefix=/mingw64 --with-local-prefix=/mingw64/local --with-native-system-header-dir=/mingw64/include --libexecdir=/mingw64/lib --enable-bootstrap --enable-checking=release --with-arch=nocona --with-tune=generic --enable-mingw-wildcard --enable-languages=c,lto,c++,fortran,ada,objc,obj-c++,jit --enable-shared --enable-static --enable-libatomic --enable-threads=posix --enable-graphite --enable-fully-dynamic-string --enable-libstdcxx-backtrace=yes --enable-libstdcxx-filesystem-ts --enable-libstdcxx-time --disable-libstdcxx-pch --enable-lto --enable-libgomp --disable-libssp --disable-multilib --disable-rpath --disable-win32-registry --disable-nls --disable-werror --disable-symvers --with-libiconv --with-system-zlib --with-gmp=/mingw64 --with-mpfr=/mingw64 --with-mpc=/mingw64 --with-isl=/mingw64 --with-pkgversion='Rev8, Built by MSYS2 project' --with-bugurl=https://github.com/msys2/MINGW-packages/issues --with-gnu-as --with-gnu-ld --with-libstdcxx-zoneinfo=yes --disable-libstdcxx-debug --enable-plugin --with-boot-ldflags=-static-libstdc++ --with-stage1-ldflags=-static-libstdc++
Thread model: posix
Supported LTO compression algorithms: zlib zstd
gcc version 15.2.0 (Rev8, Built by MSYS2 project) 
configure:4420: $? = 0
configure:4409: gcc -V >&5
gcc.exe: error: unrecognized command-line option '-V'
gcc.exe: fatal error: no input files
compilation terminated.
configure:4420: $? = 1
configure:4409: gcc -qversion >&5
gcc.exe: error: unrecognized command-line option '-qversion'; did you mean '--version'?
gcc.exe: fatal error: no input files
compilation terminated.
configure:4420: $? = 1
configure:4409: gcc -version >&5
gcc.exe: error: unrecognized command-line option '-version'
gcc.exe: fatal error: no input files
compilation terminated.
configure:4420: $? = 1
configure:4440: checking whether the C compiler works
configure:4462: gcc    conftest.c  >&5
configure:4466: $? = 0
configure:4517: result: yes
configure:4521: checking for C compiler default output file name
configure:4523: result: a.exe
configure:4529: checking for suffix of executables
configure:4536: gcc -o conftest.exe    conftest.c  >&5
configure:4540: $? = 0
configure:4564: result: .exe
configure:4588: checking whether we are cross compiling
configure:4596: gcc -o conftest.exe    conftest.c  >&5
configure:4600: $? = 0
configure:4607: ./conftest.exe
configure:4611: $? = 0
configure:4626: result: no
configure:4632: checking for suffix of object files
configure:4655: gcc -c   conftest.c >&5
configure:4659: $? = 0
configure:4683: result: o
configure:4687: checking whether the compiler supports GNU C
configure:4707: gcc -c   conftest.c >&5
configure:4707: $? = 0
configure:4719: result: yes
configure:4730: checking whether gcc accepts -g
configure:4751: gcc -c -g  conftest.c >&5
configure:4751: $? = 0
configure:4798: result: yes
configure:4818: checking for gcc option to enable C11 features
configure:4833: gcc  -c -g -O2  conftest.c >&5
configure:4833: $? = 0
configure:4852: result: none needed
configure:4981: checking for style of include used by make
configure:5009: result: GNU
configure:5038: checking dependency style of gcc
configure:5123: result: gcc3
configure:5210: checking for g++
configure:5231: found /mingw64/bin/g++
configure:5243: result: g++
configure:5270: checking for C++ compiler version
configure:5279: g++ --version >&5
g++.exe (Rev8, Built by MSYS2 project) 15.2.0
Copyright (C) 2025 Free Software Foundation, Inc.
This is free software; see the source for copying conditions.  There is NO
warranty; not even for MERCHANTABILITY or FITNESS FOR A PARTICULAR PURPOSE.

configure:5290: $? = 0
configure:5279: g++ -v >&5
Using built-in specs.
COLLECT_GCC=D:\msys64_250221\mingw64\bin\g++.exe
COLLECT_LTO_WRAPPER=D:/msys64_250221/mingw64/bin/../lib/gcc/x86_64-w64-mingw32/15.2.0/lto-wrapper.exe
Target: x86_64-w64-mingw32
Configured with: ../gcc-15.2.0/configure --prefix=/mingw64 --with-local-prefix=/mingw64/local --with-native-system-header-dir=/mingw64/include --libexecdir=/mingw64/lib --enable-bootstrap --enable-checking=release --with-arch=nocona --with-tune=generic --enable-mingw-wildcard --enable-languages=c,lto,c++,fortran,ada,objc,obj-c++,jit --enable-shared --enable-static --enable-libatomic --enable-threads=posix --enable-graphite --enable-fully-dynamic-string --enable-libstdcxx-backtrace=yes --enable-libstdcxx-filesystem-ts --enable-libstdcxx-time --disable-libstdcxx-pch --enable-lto --enable-libgomp --disable-libssp --disable-multilib --disable-rpath --disable-win32-registry --disable-nls --disable-werror --disable-symvers --with-libiconv --with-system-zlib --with-gmp=/mingw64 --with-mpfr=/mingw64 --with-mpc=/mingw64 --with-isl=/mingw64 --with-pkgversion='Rev8, Built by MSYS2 project' --with-bugurl=https://github.com/msys2/MINGW-packages/issues --with-gnu-as --with-gnu-ld --with-libstdcxx-zoneinfo=yes --disable-libstdcxx-debug --enable-plugin --with-boot-ldflags=-static-libstdc++ --with-stage1-ldflags=-static-libstdc++
Thread model: posix
Supported LTO compression algorithms: zlib zstd
gcc version 15.2.0 (Rev8, Built by MSYS2 project) 
configure:5290: $? = 0
configure:5279: g++ -V >&5
g++.exe: error: unrecognized command-line option '-V'
g++.exe: fatal error: no input files
compilation terminated.
configure:5290: $? = 1
configure:5279: g++ -qversion >&5
g++.exe: error: unrecognized command-line option '-qversion'; did you mean '--version'?
g++.exe: fatal error: no input files
compilation terminated.
configure:5290: $? = 1
configure:5294: checking whether the compiler supports GNU C++
configure:5314: g++ -c   conftest.cpp >&5
configure:5314: $? = 0
configure:5326: result: yes
configure:5337: checking whether g++ accepts -g
configure:5358: g++ -c -g  conftest.cpp >&5
configure:5358: $? = 0
configure:5405: result: yes
configure:5425: checking for g++ option to enable C++11 features
configure:5440: g++  -c -g -O2  conftest.cpp >&5
conftest.cpp: In function 'int main(int, char**)':
conftest.cpp:178:25: warning: empty parentheses were disambiguated as a function declaration [-Wvexing-parse]
  178 |   cxx11test::delegate d2();
      |                         ^~
conftest.cpp:178:25: note: remove parentheses to default-initialize a variable
  178 |   cxx11test::delegate d2();
      |                         ^~
      |                         --
conftest.cpp:178:25: note: or replace parentheses with braces to value-initialize a variable
configure:5440: $? = 0
configure:5459: result: none needed
configure:5530: checking dependency style of g++
configure:5615: result: gcc3
configure:5681: checking for ranlib
configure:5702: found /mingw64/bin/ranlib
configure:5714: result: ranlib
configure:5741: checking how to run the C preprocessor
configure:5767: gcc -E  conftest.c
configure:5767: $? = 0
configure:5783: gcc -E  conftest.c
conftest.c:12:10: fatal error: ac_nonexistent.h: No such file or directory
   12 | #include <ac_nonexistent.h>
      |          ^~~~~~~~~~~~~~~~~~
compilation terminated.
configure:5783: $? = 1
configure: failed program was:
| /* confdefs.h */
| #define PACKAGE_NAME "dplus"
| #define PACKAGE_TARNAME "dplus"
| #define PACKAGE_VERSION "0.5b"
| #define PACKAGE_STRING "dplus 0.5b"
| #define PACKAGE_BUGREPORT ""
| #define PACKAGE_URL ""
| #define RELEASE_DATE "Oct 15 2013"
| #define PACKAGE "dplus"
| #define VERSION "0.5b"
| /* end confdefs.h.  */
| #include <ac_nonexistent.h>
configure:5812: result: gcc -E
configure:5826: gcc -E  conftest.c
configure:5826: $? = 0
configure:5842: gcc -E  conftest.c
conftest.c:12:10: fatal error: ac_nonexistent.h: No such file or directory
   12 | #include <ac_nonexistent.h>
      |          ^~~~~~~~~~~~~~~~~~
compilation terminated.
configure:5842: $? = 1
configure: failed program was:
| /* confdefs.h */
| #define PACKAGE_NAME "dplus"
| #define PACKAGE_TARNAME "dplus"
| #define PACKAGE_VERSION "0.5b"
| #define PACKAGE_STRING "dplus 0.5b"
| #define PACKAGE_BUGREPORT ""
| #define PACKAGE_URL ""
| #define RELEASE_DATE "Oct 15 2013"
| #define PACKAGE "dplus"
| #define VERSION "0.5b"
| /* end confdefs.h.  */
| #include <ac_nonexistent.h>
configure:5925: checking for windres
configure:5946: found /mingw64/bin/windres
configure:5958: result: windres
configure:6006: checking for stdio.h
configure:6006: gcc -c -g -O2  conftest.c >&5
configure:6006: $? = 0
configure:6006: result: yes
configure:6006: checking for stdlib.h
configure:6006: gcc -c -g -O2  conftest.c >&5
configure:6006: $? = 0
configure:6006: result: yes
configure:6006: checking for string.h
configure:6006: gcc -c -g -O2  conftest.c >&5
configure:6006: $? = 0
configure:6006: result: yes
configure:6006: checking for inttypes.h
configure:6006: gcc -c -g -O2  conftest.c >&5
configure:6006: $? = 0
configure:6006: result: yes
configure:6006: checking for stdint.h
configure:6006: gcc -c -g -O2  conftest.c >&5
configure:6006: $? = 0
configure:6006: result: yes
configure:6006: checking for strings.h
configure:6006: gcc -c -g -O2  conftest.c >&5
configure:6006: $? = 0
configure:6006: result: yes
configure:6006: checking for sys/stat.h
configure:6006: gcc -c -g -O2  conftest.c >&5
configure:6006: $? = 0
configure:6006: result: yes
configure:6006: checking for sys/types.h
configure:6006: gcc -c -g -O2  conftest.c >&5
configure:6006: $? = 0
configure:6006: result: yes
configure:6006: checking for unistd.h
configure:6006: gcc -c -g -O2  conftest.c >&5
configure:6006: $? = 0
configure:6006: result: yes
configure:6035: checking size of char
configure:6041: gcc -o conftest.exe -g -O2   conftest.c  >&5
configure:6041: $? = 0
configure:6041: ./conftest.exe
configure:6041: $? = 0
configure:6058: result: 1
configure:6070: checking size of short
configure:6076: gcc -o conftest.exe -g -O2   conftest.c  >&5
configure:6076: $? = 0
configure:6076: ./conftest.exe
configure:6076: $? = 0
configure:6093: result: 2
configure:6105: checking size of long
configure:6111: gcc -o conftest.exe -g -O2   conftest.c  >&5
configure:6111: $? = 0
configure:6111: ./conftest.exe
configure:6111: $? = 0
configure:6128: result: 4
configure:6140: checking size of int
configure:6146: gcc -o conftest.exe -g -O2   conftest.c  >&5
configure:6146: $? = 0
configure:6146: ./conftest.exe
configure:6146: $? = 0
configure:6163: result: 4
configure:6175: checking size of void *
configure:6181: gcc -o conftest.exe -g -O2   conftest.c  >&5
configure:6181: $? = 0
configure:6181: ./conftest.exe
configure:6181: $? = 0
configure:6198: result: 8
configure:6207: checking for int16_t
configure:6207: gcc -c -g -O2  conftest.c >&5
configure:6207: $? = 0
configure:6207: gcc -c -g -O2  conftest.c >&5
conftest.c: In function 'main':
conftest.c:59:12: error: size of array 'test_array' is negative
   59 | static int test_array [1 - 2 * !((int16_t) (((((int16_t) 1 << N) << N) - 1) * 2 + 1)
      |            ^~~~~~~~~~
configure:6207: $? = 1
configure: failed program was:
| /* confdefs.h */
| #define PACKAGE_NAME "dplus"
| #define PACKAGE_TARNAME "dplus"
| #define PACKAGE_VERSION "0.5b"
| #define PACKAGE_STRING "dplus 0.5b"
| #define PACKAGE_BUGREPORT ""
| #define PACKAGE_URL ""
| #define RELEASE_DATE "Oct 15 2013"
| #define PACKAGE "dplus"
| #define VERSION "0.5b"
| #define HAVE_STDIO_H 1
| #define HAVE_STDLIB_H 1
| #define HAVE_STRING_H 1
| #define HAVE_INTTYPES_H 1
| #define HAVE_STDINT_H 1
| #define HAVE_STRINGS_H 1
| #define HAVE_SYS_STAT_H 1
| #define HAVE_SYS_TYPES_H 1
| #define HAVE_UNISTD_H 1
| #define STDC_HEADERS 1
| #define SIZEOF_CHAR 1
| #define SIZEOF_SHORT 2
| #define SIZEOF_LONG 4
| #define SIZEOF_INT 4
| #define SIZEOF_VOID_P 8
| /* end confdefs.h.  */
| #include <stddef.h>
| #ifdef HAVE_STDIO_H
| # include <stdio.h>
| #endif
| #ifdef HAVE_STDLIB_H
| # include <stdlib.h>
| #endif
| #ifdef HAVE_STRING_H
| # include <string.h>
| #endif
| #ifdef HAVE_INTTYPES_H
| # include <inttypes.h>
| #endif
| #ifdef HAVE_STDINT_H
| # include <stdint.h>
| #endif
| #ifdef HAVE_STRINGS_H
| # include <strings.h>
| #endif
| #ifdef HAVE_SYS_TYPES_H
| # include <sys/types.h>
| #endif
| #ifdef HAVE_SYS_STAT_H
| # include <sys/stat.h>
| #endif
| #ifdef HAVE_UNISTD_H
| # include <unistd.h>
| #endif
| 	        enum { N = 16 / 2 - 1 };
| int
| main (void)
| {
| static int test_array [1 - 2 * !((int16_t) (((((int16_t) 1 << N) << N) - 1) * 2 + 1)
| 		 < (int16_t) (((((int16_t) 1 << N) << N) - 1) * 2 + 2))];
| test_array [0] = 0;
| return test_array [0];
| 
|   ;
|   return 0;
| }
configure:6207: result: yes
configure:6216: checking for uint16_t
configure:6216: gcc -c -g -O2  conftest.c >&5
configure:6216: $? = 0
configure:6216: result: yes
configure:6226: checking for int32_t
configure:6226: gcc -c -g -O2  conftest.c >&5
configure:6226: $? = 0
configure:6226: gcc -c -g -O2  conftest.c >&5
conftest.c: In function 'main':
conftest.c:60:67: warning: integer overflow in expression of type 'int' results in '-2147483648' [-Woverflow]
   60 |                  < (int32_t) (((((int32_t) 1 << N) << N) - 1) * 2 + 2))];
      |                                                                   ^
conftest.c:59:12: error: storage size of 'test_array' isn't constant
   59 | static int test_array [1 - 2 * !((int32_t) (((((int32_t) 1 << N) << N) - 1) * 2 + 1)
      |            ^~~~~~~~~~
configure:6226: $? = 1
configure: failed program was:
| /* confdefs.h */
| #define PACKAGE_NAME "dplus"
| #define PACKAGE_TARNAME "dplus"
| #define PACKAGE_VERSION "0.5b"
| #define PACKAGE_STRING "dplus 0.5b"
| #define PACKAGE_BUGREPORT ""
| #define PACKAGE_URL ""
| #define RELEASE_DATE "Oct 15 2013"
| #define PACKAGE "dplus"
| #define VERSION "0.5b"
| #define HAVE_STDIO_H 1
| #define HAVE_STDLIB_H 1
| #define HAVE_STRING_H 1
| #define HAVE_INTTYPES_H 1
| #define HAVE_STDINT_H 1
| #define HAVE_STRINGS_H 1
| #define HAVE_SYS_STAT_H 1
| #define HAVE_SYS_TYPES_H 1
| #define HAVE_UNISTD_H 1
| #define STDC_HEADERS 1
| #define SIZEOF_CHAR 1
| #define SIZEOF_SHORT 2
| #define SIZEOF_LONG 4
| #define SIZEOF_INT 4
| #define SIZEOF_VOID_P 8
| /* end confdefs.h.  */
| #include <stddef.h>
| #ifdef HAVE_STDIO_H
| # include <stdio.h>
| #endif
| #ifdef HAVE_STDLIB_H
| # include <stdlib.h>
| #endif
| #ifdef HAVE_STRING_H
| # include <string.h>
| #endif
| #ifdef HAVE_INTTYPES_H
| # include <inttypes.h>
| #endif
| #ifdef HAVE_STDINT_H
| # include <stdint.h>
| #endif
| #ifdef HAVE_STRINGS_H
| # include <strings.h>
| #endif
| #ifdef HAVE_SYS_TYPES_H
| # include <sys/types.h>
| #endif
| #ifdef HAVE_SYS_STAT_H
| # include <sys/stat.h>
| #endif
| #ifdef HAVE_UNISTD_H
| # include <unistd.h>
| #endif
| 	        enum { N = 32 / 2 - 1 };
| int
| main (void)
| {
| static int test_array [1 - 2 * !((int32_t) (((((int32_t) 1 << N) << N) - 1) * 2 + 1)
| 		 < (int32_t) (((((int32_t) 1 << N) << N) - 1) * 2 + 2))];
| test_array [0] = 0;
| return test_array [0];
| 
|   ;
|   return 0;
| }
configure:6226: result: yes
configure:6235: checking for uint32_t
configure:6235: gcc -c -g -O2  conftest.c >&5
configure:6235: $? = 0
configure:6235: result: yes
configure:6256: checking for gethostbyname
configure:6256: gcc -o conftest.exe -g -O2  -I/usr/local/include  -L/usr/local/lib conftest.c  >&5
D:/msys64_250221/mingw64/bin/../lib/gcc/x86_64-w64-mingw32/15.2.0/../../../../x86_64-w64-mingw32/bin/ld.exe: D:\msys64_250221\tmp\ccqVbLjQ.o: in function `main':
D:/msys64_250221/home/user/dplus-0.5b/conftest.c:54:(.text.startup+0xa): undefined reference to `gethostbyname'
collect2.exe: error: ld returned 1 exit status
configure:6256: $? = 1
configure: failed program was:
| /* confdefs.h */
| #define PACKAGE_NAME "dplus"
| #define PACKAGE_TARNAME "dplus"
| #define PACKAGE_VERSION "0.5b"
| #define PACKAGE_STRING "dplus 0.5b"
| #define PACKAGE_BUGREPORT ""
| #define PACKAGE_URL ""
| #define RELEASE_DATE "Oct 15 2013"
| #define PACKAGE "dplus"
| #define VERSION "0.5b"
| #define HAVE_STDIO_H 1
| #define HAVE_STDLIB_H 1
| #define HAVE_STRING_H 1
| #define HAVE_INTTYPES_H 1
| #define HAVE_STDINT_H 1
| #define HAVE_STRINGS_H 1
| #define HAVE_SYS_STAT_H 1
| #define HAVE_SYS_TYPES_H 1
| #define HAVE_UNISTD_H 1
| #define STDC_HEADERS 1
| #define SIZEOF_CHAR 1
| #define SIZEOF_SHORT 2
| #define SIZEOF_LONG 4
| #define SIZEOF_INT 4
| #define SIZEOF_VOID_P 8
| /* end confdefs.h.  */
| /* Define gethostbyname to an innocuous variant, in case <limits.h> declares gethostbyname.
|    For example, HP-UX 11i <limits.h> declares gettimeofday.  */
| #define gethostbyname innocuous_gethostbyname
| 
| /* System header to define __stub macros and hopefully few prototypes,
|    which can conflict with char gethostbyname (void); below.  */
| 
| #include <limits.h>
| #undef gethostbyname
| 
| /* Override any GCC internal prototype to avoid an error.
|    Use char because int might match the return type of a GCC
|    builtin and then its argument prototype would still apply.  */
| #ifdef __cplusplus
| extern "C"
| #endif
| char gethostbyname (void);
| /* The GNU C library defines this for functions which it implements
|     to always fail with ENOSYS.  Some functions are actually named
|     something starting with __ and the normal name is an alias.  */
| #if defined __stub_gethostbyname || defined __stub___gethostbyname
| choke me
| #endif
| 
| int
| main (void)
| {
| return gethostbyname ();
|   ;
|   return 0;
| }
configure:6256: result: no
configure:6262: checking for gethostbyname in -lnsl
configure:6291: gcc -o conftest.exe -g -O2  -I/usr/local/include  -L/usr/local/lib conftest.c -lnsl   >&5
D:/msys64_250221/mingw64/bin/../lib/gcc/x86_64-w64-mingw32/15.2.0/../../../../x86_64-w64-mingw32/bin/ld.exe: cannot find -lnsl: No such file or directory
collect2.exe: error: ld returned 1 exit status
configure:6291: $? = 1
configure: failed program was:
| /* confdefs.h */
| #define PACKAGE_NAME "dplus"
| #define PACKAGE_TARNAME "dplus"
| #define PACKAGE_VERSION "0.5b"
| #define PACKAGE_STRING "dplus 0.5b"
| #define PACKAGE_BUGREPORT ""
| #define PACKAGE_URL ""
| #define RELEASE_DATE "Oct 15 2013"
| #define PACKAGE "dplus"
| #define VERSION "0.5b"
| #define HAVE_STDIO_H 1
| #define HAVE_STDLIB_H 1
| #define HAVE_STRING_H 1
| #define HAVE_INTTYPES_H 1
| #define HAVE_STDINT_H 1
| #define HAVE_STRINGS_H 1
| #define HAVE_SYS_STAT_H 1
| #define HAVE_SYS_TYPES_H 1
| #define HAVE_UNISTD_H 1
| #define STDC_HEADERS 1
| #define SIZEOF_CHAR 1
| #define SIZEOF_SHORT 2
| #define SIZEOF_LONG 4
| #define SIZEOF_INT 4
| #define SIZEOF_VOID_P 8
| /* end confdefs.h.  */
| 
| /* Override any GCC internal prototype to avoid an error.
|    Use char because int might match the return type of a GCC
|    builtin and then its argument prototype would still apply.
|    The 'extern "C"' is for builds by C++ compilers;
|    although this is not generally supported in C code supporting it here
|    has little cost and some practical benefit (sr 110532).  */
| #ifdef __cplusplus
| extern "C"
| #endif
| char gethostbyname (void);
| int
| main (void)
| {
| return gethostbyname ();
|   ;
|   return 0;
| }
configure:6303: result: no
configure:6312: checking for gethostbyname in -lsocket
configure:6341: gcc -o conftest.exe -g -O2  -I/usr/local/include  -L/usr/local/lib conftest.c -lsocket   >&5
D:/msys64_250221/mingw64/bin/../lib/gcc/x86_64-w64-mingw32/15.2.0/../../../../x86_64-w64-mingw32/bin/ld.exe: cannot find -lsocket: No such file or directory
collect2.exe: error: ld returned 1 exit status
configure:6341: $? = 1
configure: failed program was:
| /* confdefs.h */
| #define PACKAGE_NAME "dplus"
| #define PACKAGE_TARNAME "dplus"
| #define PACKAGE_VERSION "0.5b"
| #define PACKAGE_STRING "dplus 0.5b"
| #define PACKAGE_BUGREPORT ""
| #define PACKAGE_URL ""
| #define RELEASE_DATE "Oct 15 2013"
| #define PACKAGE "dplus"
| #define VERSION "0.5b"
| #define HAVE_STDIO_H 1
| #define HAVE_STDLIB_H 1
| #define HAVE_STRING_H 1
| #define HAVE_INTTYPES_H 1
| #define HAVE_STDINT_H 1
| #define HAVE_STRINGS_H 1
| #define HAVE_SYS_STAT_H 1
| #define HAVE_SYS_TYPES_H 1
| #define HAVE_UNISTD_H 1
| #define STDC_HEADERS 1
| #define SIZEOF_CHAR 1
| #define SIZEOF_SHORT 2
| #define SIZEOF_LONG 4
| #define SIZEOF_INT 4
| #define SIZEOF_VOID_P 8
| /* end confdefs.h.  */
| 
| /* Override any GCC internal prototype to avoid an error.
|    Use char because int might match the return type of a GCC
|    builtin and then its argument prototype would still apply.
|    The 'extern "C"' is for builds by C++ compilers;
|    although this is not generally supported in C code supporting it here
|    has little cost and some practical benefit (sr 110532).  */
| #ifdef __cplusplus
| extern "C"
| #endif
| char gethostbyname (void);
| int
| main (void)
| {
| return gethostbyname ();
|   ;
|   return 0;
| }
configure:6353: result: no
configure:6373: checking for setsockopt
configure:6373: gcc -o conftest.exe -g -O2  -I/usr/local/include  -L/usr/local/lib conftest.c  >&5
D:/msys64_250221/mingw64/bin/../lib/gcc/x86_64-w64-mingw32/15.2.0/../../../../x86_64-w64-mingw32/bin/ld.exe: D:\msys64_250221\tmp\ccOQGRPi.o: in function `main':
D:/msys64_250221/home/user/dplus-0.5b/conftest.c:54:(.text.startup+0xa): undefined reference to `setsockopt'
collect2.exe: error: ld returned 1 exit status
configure:6373: $? = 1
configure: failed program was:
| /* confdefs.h */
| #define PACKAGE_NAME "dplus"
| #define PACKAGE_TARNAME "dplus"
| #define PACKAGE_VERSION "0.5b"
| #define PACKAGE_STRING "dplus 0.5b"
| #define PACKAGE_BUGREPORT ""
| #define PACKAGE_URL ""
| #define RELEASE_DATE "Oct 15 2013"
| #define PACKAGE "dplus"
| #define VERSION "0.5b"
| #define HAVE_STDIO_H 1
| #define HAVE_STDLIB_H 1
| #define HAVE_STRING_H 1
| #define HAVE_INTTYPES_H 1
| #define HAVE_STDINT_H 1
| #define HAVE_STRINGS_H 1
| #define HAVE_SYS_STAT_H 1
| #define HAVE_SYS_TYPES_H 1
| #define HAVE_UNISTD_H 1
| #define STDC_HEADERS 1
| #define SIZEOF_CHAR 1
| #define SIZEOF_SHORT 2
| #define SIZEOF_LONG 4
| #define SIZEOF_INT 4
| #define SIZEOF_VOID_P 8
| /* end confdefs.h.  */
| /* Define setsockopt to an innocuous variant, in case <limits.h> declares setsockopt.
|    For example, HP-UX 11i <limits.h> declares gettimeofday.  */
| #define setsockopt innocuous_setsockopt
| 
| /* System header to define __stub macros and hopefully few prototypes,
|    which can conflict with char setsockopt (void); below.  */
| 
| #include <limits.h>
| #undef setsockopt
| 
| /* Override any GCC internal prototype to avoid an error.
|    Use char because int might match the return type of a GCC
|    builtin and then its argument prototype would still apply.  */
| #ifdef __cplusplus
| extern "C"
| #endif
| char setsockopt (void);
| /* The GNU C library defines this for functions which it implements
|     to always fail with ENOSYS.  Some functions are actually named
|     something starting with __ and the normal name is an alias.  */
| #if defined __stub_setsockopt || defined __stub___setsockopt
| choke me
| #endif
| 
| int
| main (void)
| {
| return setsockopt ();
|   ;
|   return 0;
| }
configure:6373: result: no
configure:6379: checking for setsockopt in -lsocket
configure:6408: gcc -o conftest.exe -g -O2  -I/usr/local/include  -L/usr/local/lib conftest.c -lsocket   >&5
D:/msys64_250221/mingw64/bin/../lib/gcc/x86_64-w64-mingw32/15.2.0/../../../../x86_64-w64-mingw32/bin/ld.exe: cannot find -lsocket: No such file or directory
collect2.exe: error: ld returned 1 exit status
configure:6408: $? = 1
configure: failed program was:
| /* confdefs.h */
| #define PACKAGE_NAME "dplus"
| #define PACKAGE_TARNAME "dplus"
| #define PACKAGE_VERSION "0.5b"
| #define PACKAGE_STRING "dplus 0.5b"
| #define PACKAGE_BUGREPORT ""
| #define PACKAGE_URL ""
| #define RELEASE_DATE "Oct 15 2013"
| #define PACKAGE "dplus"
| #define VERSION "0.5b"
| #define HAVE_STDIO_H 1
| #define HAVE_STDLIB_H 1
| #define HAVE_STRING_H 1
| #define HAVE_INTTYPES_H 1
| #define HAVE_STDINT_H 1
| #define HAVE_STRINGS_H 1
| #define HAVE_SYS_STAT_H 1
| #define HAVE_SYS_TYPES_H 1
| #define HAVE_UNISTD_H 1
| #define STDC_HEADERS 1
| #define SIZEOF_CHAR 1
| #define SIZEOF_SHORT 2
| #define SIZEOF_LONG 4
| #define SIZEOF_INT 4
| #define SIZEOF_VOID_P 8
| /* end confdefs.h.  */
| 
| /* Override any GCC internal prototype to avoid an error.
|    Use char because int might match the return type of a GCC
|    builtin and then its argument prototype would still apply.
|    The 'extern "C"' is for builds by C++ compilers;
|    although this is not generally supported in C code supporting it here
|    has little cost and some practical benefit (sr 110532).  */
| #ifdef __cplusplus
| extern "C"
| #endif
| char setsockopt (void);
| int
| main (void)
| {
| return setsockopt ();
|   ;
|   return 0;
| }
configure:6420: result: no
configure:6435: checking for socklen_t
configure:6455: gcc -c -g -O2  -I/usr/local/include conftest.c >&5
conftest.c:29:10: fatal error: sys/socket.h: No such file or directory
   29 | #include <sys/socket.h>
      |          ^~~~~~~~~~~~~~
compilation terminated.
configure:6455: $? = 1
configure: failed program was:
| /* confdefs.h */
| #define PACKAGE_NAME "dplus"
| #define PACKAGE_TARNAME "dplus"
| #define PACKAGE_VERSION "0.5b"
| #define PACKAGE_STRING "dplus 0.5b"
| #define PACKAGE_BUGREPORT ""
| #define PACKAGE_URL ""
| #define RELEASE_DATE "Oct 15 2013"
| #define PACKAGE "dplus"
| #define VERSION "0.5b"
| #define HAVE_STDIO_H 1
| #define HAVE_STDLIB_H 1
| #define HAVE_STRING_H 1
| #define HAVE_INTTYPES_H 1
| #define HAVE_STDINT_H 1
| #define HAVE_STRINGS_H 1
| #define HAVE_SYS_STAT_H 1
| #define HAVE_SYS_TYPES_H 1
| #define HAVE_UNISTD_H 1
| #define STDC_HEADERS 1
| #define SIZEOF_CHAR 1
| #define SIZEOF_SHORT 2
| #define SIZEOF_LONG 4
| #define SIZEOF_INT 4
| #define SIZEOF_VOID_P 8
| /* end confdefs.h.  */
| 
| #include <sys/types.h>
| #include <sys/socket.h>
| 
| int
| main (void)
| {
| 
| socklen_t a=0;
| getsockname(0,(struct sockaddr*)0, &a);
| 
|   ;
|   return 0;
| }
configure:6476: gcc -c -g -O2  -I/usr/local/include conftest.c >&5
conftest.c:29:10: fatal error: sys/socket.h: No such file or directory
   29 | #include <sys/socket.h>
      |          ^~~~~~~~~~~~~~
compilation terminated.
configure:6476: $? = 1
configure: failed program was:
| /* confdefs.h */
| #define PACKAGE_NAME "dplus"
| #define PACKAGE_TARNAME "dplus"
| #define PACKAGE_VERSION "0.5b"
| #define PACKAGE_STRING "dplus 0.5b"
| #define PACKAGE_BUGREPORT ""
| #define PACKAGE_URL ""
| #define RELEASE_DATE "Oct 15 2013"
| #define PACKAGE "dplus"
| #define VERSION "0.5b"
| #define HAVE_STDIO_H 1
| #define HAVE_STDLIB_H 1
| #define HAVE_STRING_H 1
| #define HAVE_INTTYPES_H 1
| #define HAVE_STDINT_H 1
| #define HAVE_STRINGS_H 1
| #define HAVE_SYS_STAT_H 1
| #define HAVE_SYS_TYPES_H 1
| #define HAVE_UNISTD_H 1
| #define STDC_HEADERS 1
| #define SIZEOF_CHAR 1
| #define SIZEOF_SHORT 2
| #define SIZEOF_LONG 4
| #define SIZEOF_INT 4
| #define SIZEOF_VOID_P 8
| /* end confdefs.h.  */
| 
| #include <sys/types.h>
| #include <sys/socket.h>
| 
| int
| main (void)
| {
| 
| int a=0;
| getsockname(0,(struct sockaddr*)0, &a);
| 
|   ;
|   return 0;
| }
configure:6489: result: size_t
configure:6517: checking FLTK 1.3
configure:6521: result: yes
configure:6535: checking for jpeglib.h
configure:6535: gcc -c -g -O2  -I/usr/local/include conftest.c >&5
configure:6535: $? = 0
configure:6535: result: yes
configure:6547: checking for jpeg_destroy_decompress in -ljpeg
configure:6576: gcc -o conftest.exe -g -O2  -I/usr/local/include  -L/usr/local/lib conftest.c -ljpeg   -lws2_32 >&5
configure:6576: $? = 0
configure:6588: result: yes
configure:6621: checking for zlib.h
configure:6621: gcc -c -g -O2  -I/usr/local/include conftest.c >&5
configure:6621: $? = 0
configure:6621: result: yes
configure:6633: checking for zlibVersion in -lz
configure:6662: gcc -o conftest.exe -g -O2  -I/usr/local/include  -L/usr/local/lib conftest.c -lz   -lws2_32 >&5
configure:6662: $? = 0
configure:6674: result: yes
configure:6694: checking for libpng-config
configure:6711: result: /mingw64/bin/libpng-config
configure:6721: checking for libpng version
configure:6731: result: ERROR
configure:6907: checking for iconv.h
configure:6907: gcc -c -g -O2  -I/usr/local/include conftest.c >&5
configure:6907: $? = 0
configure:6907: result: yes
configure:6917: checking for iconv_open in -lc
configure:6946: gcc -o conftest.exe -g -O2  -I/usr/local/include  -L/usr/local/lib conftest.c -lc   -lws2_32 >&5
D:/msys64_250221/mingw64/bin/../lib/gcc/x86_64-w64-mingw32/15.2.0/../../../../x86_64-w64-mingw32/bin/ld.exe: cannot find -lc: No such file or directory
collect2.exe: error: ld returned 1 exit status
configure:6946: $? = 1
configure: failed program was:
| /* confdefs.h */
| #define PACKAGE_NAME "dplus"
| #define PACKAGE_TARNAME "dplus"
| #define PACKAGE_VERSION "0.5b"
| #define PACKAGE_STRING "dplus 0.5b"
| #define PACKAGE_BUGREPORT ""
| #define PACKAGE_URL ""
| #define RELEASE_DATE "Oct 15 2013"
| #define PACKAGE "dplus"
| #define VERSION "0.5b"
| #define HAVE_STDIO_H 1
| #define HAVE_STDLIB_H 1
| #define HAVE_STRING_H 1
| #define HAVE_INTTYPES_H 1
| #define HAVE_STDINT_H 1
| #define HAVE_STRINGS_H 1
| #define HAVE_SYS_STAT_H 1
| #define HAVE_SYS_TYPES_H 1
| #define HAVE_UNISTD_H 1
| #define STDC_HEADERS 1
| #define SIZEOF_CHAR 1
| #define SIZEOF_SHORT 2
| #define SIZEOF_LONG 4
| #define SIZEOF_INT 4
| #define SIZEOF_VOID_P 8
| #define socklen_t size_t
| #define ENABLE_JPEG 1
| #define ENABLE_PNG 1
| #define ENABLE_GIF 1
| /* end confdefs.h.  */
| 
| /* Override any GCC internal prototype to avoid an error.
|    Use char because int might match the return type of a GCC
|    builtin and then its argument prototype would still apply.
|    The 'extern "C"' is for builds by C++ compilers;
|    although this is not generally supported in C code supporting it here
|    has little cost and some practical benefit (sr 110532).  */
| #ifdef __cplusplus
| extern "C"
| #endif
| char iconv_open (void);
| int
| main (void)
| {
| return iconv_open ();
|   ;
|   return 0;
| }
configure:6958: result: no
configure:6964: checking for iconv_open in -liconv
configure:6993: gcc -o conftest.exe -g -O2  -I/usr/local/include  -L/usr/local/lib conftest.c -liconv   -lws2_32 >&5
D:/msys64_250221/mingw64/bin/../lib/gcc/x86_64-w64-mingw32/15.2.0/../../../../x86_64-w64-mingw32/bin/ld.exe: D:\msys64_250221\tmp\ccEEDHJZ.o: in function `main':
D:/msys64_250221/home/user/dplus-0.5b/conftest.c:45:(.text.startup+0xa): undefined reference to `iconv_open'
collect2.exe: error: ld returned 1 exit status
configure:6993: $? = 1
configure: failed program was:
| /* confdefs.h */
| #define PACKAGE_NAME "dplus"
| #define PACKAGE_TARNAME "dplus"
| #define PACKAGE_VERSION "0.5b"
| #define PACKAGE_STRING "dplus 0.5b"
| #define PACKAGE_BUGREPORT ""
| #define PACKAGE_URL ""
| #define RELEASE_DATE "Oct 15 2013"
| #define PACKAGE "dplus"
| #define VERSION "0.5b"
| #define HAVE_STDIO_H 1
| #define HAVE_STDLIB_H 1
| #define HAVE_STRING_H 1
| #define HAVE_INTTYPES_H 1
| #define HAVE_STDINT_H 1
| #define HAVE_STRINGS_H 1
| #define HAVE_SYS_STAT_H 1
| #define HAVE_SYS_TYPES_H 1
| #define HAVE_UNISTD_H 1
| #define STDC_HEADERS 1
| #define SIZEOF_CHAR 1
| #define SIZEOF_SHORT 2
| #define SIZEOF_LONG 4
| #define SIZEOF_INT 4
| #define SIZEOF_VOID_P 8
| #define socklen_t size_t
| #define ENABLE_JPEG 1
| #define ENABLE_PNG 1
| #define ENABLE_GIF 1
| /* end confdefs.h.  */
| 
| /* Override any GCC internal prototype to avoid an error.
|    Use char because int might match the return type of a GCC
|    builtin and then its argument prototype would still apply.
|    The 'extern "C"' is for builds by C++ compilers;
|    although this is not generally supported in C code supporting it here
|    has little cost and some practical benefit (sr 110532).  */
| #ifdef __cplusplus
| extern "C"
| #endif
| char iconv_open (void);
| int
| main (void)
| {
| return iconv_open ();
|   ;
|   return 0;
| }
configure:7005: result: no
configure:7037: gcc -c -g -O2  -I/usr/local/include conftest.c >&5
configure:7037: $? = 0
configure:7086: g++ -c -g -O2  -I/usr/local/include conftest.cpp >&5
conftest.cpp: In function 'int main()':
conftest.cpp:42:16: error: invalid conversion from 'const char**' to 'char**' [-fpermissive]
   42 | iconv(encoder, &inPtr, &inLeft, &outPtr, &outRoom);
      |                ^~~~~~
      |                |
      |                const char**
In file included from conftest.cpp:32:
D:/msys64_250221/mingw64/include/iconv.h:81:43: note: initializing argument 2 of 'size_t libiconv(libiconv_t, char**, size_t*, char**, size_t*)'
   81 | extern size_t iconv (iconv_t cd,  char* * inbuf, size_t *inbytesleft, char* * outbuf, size_t *outbytesleft);
      |                                   ~~~~~~~~^~~~~
configure:7086: $? = 1
configure: failed program was:
| /* confdefs.h */
| #define PACKAGE_NAME "dplus"
| #define PACKAGE_TARNAME "dplus"
| #define PACKAGE_VERSION "0.5b"
| #define PACKAGE_STRING "dplus 0.5b"
| #define PACKAGE_BUGREPORT ""
| #define PACKAGE_URL ""
| #define RELEASE_DATE "Oct 15 2013"
| #define PACKAGE "dplus"
| #define VERSION "0.5b"
| #define HAVE_STDIO_H 1
| #define HAVE_STDLIB_H 1
| #define HAVE_STRING_H 1
| #define HAVE_INTTYPES_H 1
| #define HAVE_STDINT_H 1
| #define HAVE_STRINGS_H 1
| #define HAVE_SYS_STAT_H 1
| #define HAVE_SYS_TYPES_H 1
| #define HAVE_UNISTD_H 1
| #define STDC_HEADERS 1
| #define SIZEOF_CHAR 1
| #define SIZEOF_SHORT 2
| #define SIZEOF_LONG 4
| #define SIZEOF_INT 4
| #define SIZEOF_VOID_P 8
| #define socklen_t size_t
| #define ENABLE_JPEG 1
| #define ENABLE_PNG 1
| #define ENABLE_GIF 1
| /* end confdefs.h.  */
| 
| #include <iconv.h>
| 
| int
| main (void)
| {
| 
| const char *inPtr;
| char *outPtr;
| size_t inLeft = 0, outRoom = 0;
| iconv_t encoder = iconv_open("ASCII", "UTF-8");
| iconv(encoder, &inPtr, &inLeft, &outPtr, &outRoom);
| 
|   ;
|   return 0;
| }
configure:7183: MinGW detected, skipping pthread detection
configure:7462: checking for curl-config
configure:7470: result: /mingw64/bin/curl-config
configure:7569: checking for fcntl.h
configure:7569: gcc -c -g -O2  -I/usr/local/include -DENABLE_DOWNLOADS -DCURL_STATICLIB conftest.c >&5
configure:7569: $? = 0
configure:7569: result: yes
configure:7575: checking for unistd.h
configure:7575: result: yes
configure:7581: checking for sys/uio.h
configure:7581: gcc -c -g -O2  -I/usr/local/include -DENABLE_DOWNLOADS -DCURL_STATICLIB conftest.c >&5
conftest.c:63:10: fatal error: sys/uio.h: No such file or directory
   63 | #include <sys/uio.h>
      |          ^~~~~~~~~~~
compilation terminated.
configure:7581: $? = 1
configure: failed program was:
| /* confdefs.h */
| #define PACKAGE_NAME "dplus"
| #define PACKAGE_TARNAME "dplus"
| #define PACKAGE_VERSION "0.5b"
| #define PACKAGE_STRING "dplus 0.5b"
| #define PACKAGE_BUGREPORT ""
| #define PACKAGE_URL ""
| #define RELEASE_DATE "Oct 15 2013"
| #define PACKAGE "dplus"
| #define VERSION "0.5b"
| #define HAVE_STDIO_H 1
| #define HAVE_STDLIB_H 1
| #define HAVE_STRING_H 1
| #define HAVE_INTTYPES_H 1
| #define HAVE_STDINT_H 1
| #define HAVE_STRINGS_H 1
| #define HAVE_SYS_STAT_H 1
| #define HAVE_SYS_TYPES_H 1
| #define HAVE_UNISTD_H 1
| #define STDC_HEADERS 1
| #define SIZEOF_CHAR 1
| #define SIZEOF_SHORT 2
| #define SIZEOF_LONG 4
| #define SIZEOF_INT 4
| #define SIZEOF_VOID_P 8
| #define socklen_t size_t
| #define ENABLE_JPEG 1
| #define ENABLE_PNG 1
| #define ENABLE_GIF 1
| #define inbuf_t char
| #define ENABLE_DOWNLOADS 1
| #define HAVE_FCNTL_H 1
| #define HAVE_UNISTD_H 1
| /* end confdefs.h.  */
| #include <stddef.h>
| #ifdef HAVE_STDIO_H
| # include <stdio.h>
| #endif
| #ifdef HAVE_STDLIB_H
| # include <stdlib.h>
| #endif
| #ifdef HAVE_STRING_H
| # include <string.h>
| #endif
| #ifdef HAVE_INTTYPES_H
| # include <inttypes.h>
| #endif
| #ifdef HAVE_STDINT_H
| # include <stdint.h>
| #endif
| #ifdef HAVE_STRINGS_H
| # include <strings.h>
| #endif
| #ifdef HAVE_SYS_TYPES_H
| # include <sys/types.h>
| #endif
| #ifdef HAVE_SYS_STAT_H
| # include <sys/stat.h>
| #endif
| #ifdef HAVE_UNISTD_H
| # include <unistd.h>
| #endif
| #include <sys/uio.h>
configure:7581: result: no
configure:7760: creating ./config.status

## ---------------------- ##
## Running config.status. ##
## ---------------------- ##

This file was extended by dplus config.status 0.5b, which was
generated by GNU Autoconf 2.72.  Invocation command line was

  CONFIG_FILES    = 
  CONFIG_HEADERS  = 
  CONFIG_LINKS    = 
  CONFIG_COMMANDS = 
  $ ./config.status 

on DESKTOP-IKI6V4O

config.status:897: creating Makefile
config.status:897: creating dlib/Makefile
config.status:897: creating doc/Makefile
config.status:897: creating dw/Makefile
config.status:897: creating lout/Makefile
config.status:897: creating src/Makefile
config.status:897: creating src/IO/Makefile
config.status:897: creating test/Makefile
config.status:897: creating widgets/Makefile
config.status:897: creating config.h
config.status:1072: config.h is unchanged
config.status:1119: executing depfiles commands

## ---------------- ##
## Cache variables. ##
## ---------------- ##

ac_cv_build=x86_64-w64-mingw32
ac_cv_c_compiler_gnu=yes
ac_cv_c_int16_t=yes
ac_cv_c_int32_t=yes
ac_cv_c_uint16_t=yes
ac_cv_c_uint32_t=yes
ac_cv_cxx_compiler_gnu=yes
ac_cv_env_CCC_set=
ac_cv_env_CCC_value=
ac_cv_env_CC_set=
ac_cv_env_CC_value=
ac_cv_env_CFLAGS_set=
ac_cv_env_CFLAGS_value=
ac_cv_env_CPPFLAGS_set=
ac_cv_env_CPPFLAGS_value=
ac_cv_env_CPP_set=
ac_cv_env_CPP_value=
ac_cv_env_CXXFLAGS_set=
ac_cv_env_CXXFLAGS_value=
ac_cv_env_CXX_set=
ac_cv_env_CXX_value=
ac_cv_env_LDFLAGS_set=
ac_cv_env_LDFLAGS_value=
ac_cv_env_LIBS_set=
ac_cv_env_LIBS_value=
ac_cv_env_RC_set=
ac_cv_env_RC_value=
ac_cv_env_build_alias_set=
ac_cv_env_build_alias_value=
ac_cv_env_host_alias_set=
ac_cv_env_host_alias_value=
ac_cv_env_target_alias_set=
ac_cv_env_target_alias_value=
ac_cv_exeext=.exe
ac_cv_func_gethostbyname=no
ac_cv_func_setsockopt=no
ac_cv_header_fcntl_h=yes
ac_cv_header_iconv_h=yes
ac_cv_header_inttypes_h=yes
ac_cv_header_jpeglib_h=yes
ac_cv_header_stdint_h=yes
ac_cv_header_stdio_h=yes
ac_cv_header_stdlib_h=yes
ac_cv_header_string_h=yes
ac_cv_header_strings_h=yes
ac_cv_header_sys_stat_h=yes
ac_cv_header_sys_types_h=yes
ac_cv_header_sys_uio_h=no
ac_cv_header_unistd_h=yes
ac_cv_header_zlib_h=yes
ac_cv_host=x86_64-w64-mingw32
ac_cv_lib_c_iconv_open=no
ac_cv_lib_iconv_iconv_open=no
ac_cv_lib_jpeg_jpeg_destroy_decompress=yes
ac_cv_lib_nsl_gethostbyname=no
ac_cv_lib_socket_gethostbyname=no
ac_cv_lib_socket_setsockopt=no
ac_cv_lib_z_zlibVersion=yes
ac_cv_objext=o
ac_cv_path_install='/usr/bin/install -c'
ac_cv_prog_AWK=gawk
ac_cv_prog_CPP='gcc -E'
ac_cv_prog_ac_ct_CC=gcc
ac_cv_prog_ac_ct_CXX=g++
ac_cv_prog_ac_ct_RANLIB=ranlib
ac_cv_prog_ac_ct_RC=windres
ac_cv_prog_cc_c11=
ac_cv_prog_cc_g=yes
ac_cv_prog_cc_stdc=
ac_cv_prog_cxx_cxx11=
ac_cv_prog_cxx_g=yes
ac_cv_prog_cxx_stdcxx=
ac_cv_prog_make_make_set=yes
ac_cv_sizeof_char=1
ac_cv_sizeof_int=4
ac_cv_sizeof_long=4
ac_cv_sizeof_short=2
ac_cv_sizeof_void_p=8
ac_cv_socklen_t=size_t
ac_cv_target=x86_64-w64-mingw32
am_cv_CC_dependencies_compiler_type=gcc3
am_cv_CXX_dependencies_compiler_type=gcc3

## ----------------- ##
## Output variables. ##
## ----------------- ##

ACLOCAL='${SHELL} /home/user/dplus-0.5b/missing --run aclocal-1.7'
AMDEPBACKSLASH='\'
AMDEP_FALSE='#'
AMDEP_TRUE=''
AMTAR='${SHELL} /home/user/dplus-0.5b/missing --run tar'
AUTOCONF='${SHELL} /home/user/dplus-0.5b/missing --run autoconf'
AUTOHEADER='${SHELL} /home/user/dplus-0.5b/missing --run autoheader'
AUTOMAKE='${SHELL} /home/user/dplus-0.5b/missing --run automake-1.7'
AWK='gawk'
BUILD_TEST_FALSE=''
BUILD_TEST_TRUE='#'
CC='gcc'
CCDEPMODE='depmode=gcc3'
CFLAGS='-g -O2 -D_REENTRANT -D_THREAD_SAFE -Wall -W -Wno-unused-parameter -Waggregate-return'
CPP='gcc -E'
CPPFLAGS=' -I/usr/local/include -DENABLE_DOWNLOADS -DCURL_STATICLIB'
CURL_CFLAGS=' -I/mingw64/include'
CURL_LIBS=''
CXX='g++'
CXXDEPMODE='depmode=gcc3'
CXXFLAGS='-g -O2 -DENABLE_NATIVE_DIALOGS -Wall -W -Wno-unused-parameter -fno-rtti -fno-exceptions'
CYGPATH_W='cygpath -w'
DEFS='-DHAVE_CONFIG_H'
DEPDIR='.deps'
ECHO_C=''
ECHO_N='-n'
ECHO_T=''
EXEEXT='.exe'
HAVE_WIN32RES_FALSE='#'
HAVE_WIN32RES_TRUE=''
INSTALL_DATA='${INSTALL} -m 644'
INSTALL_PROGRAM='${INSTALL}'
INSTALL_SCRIPT='${INSTALL}'
INSTALL_STRIP_PROGRAM='${SHELL} $(install_sh) -c -s'
LDFLAGS=' -L/usr/local/lib'
LIBFLTK_CFLAGS='-I/mingw64/include -march=nocona -msahf -mtune=generic -O2 -pipe -Wp,-D_FORTIFY_SOURCE=2 -fstack-protector-strong -Wp,-D__USE_MINGW_ANSI_STDIO=1 -D_LARGEFILE_SOURCE -D_LARGEFILE64_SOURCE -D_FILE_OFFSET_BITS=64'
LIBFLTK_CXXFLAGS='-I/mingw64/include -march=nocona -msahf -mtune=generic -O2 -pipe -Wp,-D_FORTIFY_SOURCE=2 -fstack-protector-strong -Wp,-D__USE_MINGW_ANSI_STDIO=1 -D_LARGEFILE_SOURCE -D_LARGEFILE64_SOURCE -D_FILE_OFFSET_BITS=64'
LIBFLTK_LIBS='-L/mingw64/lib -Wl,-subsystem,windows -mwindows -lfltk -lole32 -lcomctl32 -lws2_32'
LIBICONV_LIBS='-liconv'
LIBJPEG_CPPFLAGS=''
LIBJPEG_LDFLAGS=''
LIBJPEG_LIBS='-ljpeg'
LIBOBJS=''
LIBPNG_CFLAGS='-I/mingw64/include/libpng16'
LIBPNG_LIBS='-L/mingw64/lib -lpng16'
LIBPTHREAD_LDFLAGS=''
LIBPTHREAD_LIBS=''
LIBS=' -lws2_32 '
LIBSSL_LIBS=''
LIBZ_LIBS='-lz'
LTLIBOBJS=''
MAKEINFO='${SHELL} /home/user/dplus-0.5b/missing --run makeinfo'
OBJEXT='o'
PACKAGE='dplus'
PACKAGE_BUGREPORT=''
PACKAGE_NAME='dplus'
PACKAGE_STRING='dplus 0.5b'
PACKAGE_TARNAME='dplus'
PACKAGE_URL=''
PACKAGE_VERSION='0.5b'
PATH_SEPARATOR=':'
RANLIB='ranlib'
RC='windres'
SET_MAKE=''
SHELL='/bin/sh'
STRIP=''
VERSION='0.5b'
ac_ct_CC='gcc'
ac_ct_CXX='g++'
am__fastdepCC_FALSE='#'
am__fastdepCC_TRUE=''
am__fastdepCXX_FALSE='#'
am__fastdepCXX_TRUE=''
am__include='include'
am__leading_dot='.'
am__quote=''
bindir='${exec_prefix}/bin'
build='x86_64-w64-mingw32'
build_alias='x86_64-w64-mingw32'
build_cpu='x86_64'
build_os='mingw32'
build_vendor='w64'
datadir='${datarootdir}'
datarootdir='${prefix}/share'
docdir='${datarootdir}/doc/${PACKAGE_TARNAME}'
dvidir='${docdir}'
exec_prefix='${prefix}'
host='x86_64-w64-mingw32'
host_alias=''
host_cpu='x86_64'
host_os='mingw32'
host_vendor='w64'
htmldir='${docdir}'
includedir='${prefix}/include'
infodir='${datarootdir}/info'
install_sh='/home/user/dplus-0.5b/install-sh'
libdir='${exec_prefix}/lib'
libexecdir='${exec_prefix}/libexec'
localedir='${datarootdir}/locale'
localstatedir='${prefix}/var'
mandir='${datarootdir}/man'
oldincludedir='/usr/include'
pdfdir='${docdir}'
prefix='/mingw64'
program_transform_name='s,x,x,'
psdir='${docdir}'
runstatedir='${localstatedir}/run'
sbindir='${exec_prefix}/sbin'
sharedstatedir='${prefix}/com'
sysconfdir='${prefix}/etc/dplus'
target='x86_64-w64-mingw32'
target_alias=''
target_cpu='x86_64'
target_os='mingw32'
target_vendor='w64'

## ----------- ##
## confdefs.h. ##
## ----------- ##

/* confdefs.h */
#define PACKAGE_NAME "dplus"
#define PACKAGE_TARNAME "dplus"
#define PACKAGE_VERSION "0.5b"
#define PACKAGE_STRING "dplus 0.5b"
#define PACKAGE_BUGREPORT ""
#define PACKAGE_URL ""
#define RELEASE_DATE "Oct 15 2013"
#define PACKAGE "dplus"
#define VERSION "0.5b"
#define HAVE_STDIO_H 1
#define HAVE_STDLIB_H 1
#define HAVE_STRING_H 1
#define HAVE_INTTYPES_H 1
#define HAVE_STDINT_H 1
#define HAVE_STRINGS_H 1
#define HAVE_SYS_STAT_H 1
#define HAVE_SYS_TYPES_H 1
#define HAVE_UNISTD_H 1
#define STDC_HEADERS 1
#define SIZEOF_CHAR 1
#define SIZEOF_SHORT 2
#define SIZEOF_LONG 4
#define SIZEOF_INT 4
#define SIZEOF_VOID_P 8
#define socklen_t size_t
#define ENABLE_JPEG 1
#define ENABLE_PNG 1
#define ENABLE_GIF 1
#define inbuf_t char
#define ENABLE_DOWNLOADS 1
#define HAVE_FCNTL_H 1
#define HAVE_UNISTD_H 1

configure: exit 0
